<?xml version="1.0" encoding="UTF-8"?>
<Site BuildName="Linux-g++"
	BuildStamp="20231005-1557-Experimental"
	Name="throne"
	Generator="ctest-3.26.4"
	CompilerName="/usr/bin/g++"
	CompilerVersion="9.4.0"
	OSName="Linux"
	Hostname="throne"
	OSRelease="5.15.90.1-microsoft-standard-WSL2"
	OSVersion="#1 SMP Fri Jan 27 02:56:13 UTC 2023"
	OSPlatform="x86_64"
	Is64Bits="1"
	VendorString="AuthenticAMD"
	VendorID="Advanced Micro Devices"
	FamilyID="23"
	ModelID="113"
	ProcessorCacheSize="512"
	NumberOfLogicalCPU="24"
	NumberOfPhysicalCPU="12"
	TotalVirtualMemory="4096"
	TotalPhysicalMemory="15955"
	LogicalProcessorsPerPhysical="2"
	ProcessorClockFrequency="3800.01"
	>
	<Testing>
		<StartDateTime>Oct 05 15:54 MDT</StartDateTime>
		<StartTestTime>1696542881</StartTestTime>
		<TestList/>
		<EndDateTime>Oct 05 15:54 MDT</EndDateTime>
		<EndTestTime>1696542881</EndTestTime>
		<ElapsedMinutes>0</ElapsedMinutes>
	</Testing>
</Site>
